<?xml version="1.0" encoding="UTF-8"?>
<testng-results skipped="0" failed="0" total="0" passed="0">
  <reporter-output>
  </reporter-output>
  <suite name="RealtorTestSuite" duration-ms="2" started-at="2017-07-28T21:18:19Z" finished-at="2017-07-28T21:18:19Z">
    <groups>
    </groups>
    <test name="TestBuySearchResults" duration-ms="2" started-at="2017-07-28T21:18:19Z" finished-at="2017-07-28T21:18:19Z">
    </test> <!-- TestBuySearchResults -->
  </suite> <!-- RealtorTestSuite -->
</testng-results>
