<?xml version="1.0" encoding="UTF-8"?>
<!-- Generated by org.testng.reporters.JUnitXMLReporter -->
<testsuite hostname="LM-SJN-21008364" name="TestBuySearchResults" tests="2" failures="0" timestamp="29 Jul 2017 19:36:52 GMT" time="26.41" errors="0">
  <testcase name="test_Buy_Search_GreaterThanZero" time="22.887" classname="com.realtortest.TestBuySearchResults"/>
  <testcase name="test_SelectionPrice_Same" time="3.409" classname="com.realtortest.TestBuySearchResults"/>
</testsuite> <!-- TestBuySearchResults -->
